<?xml version="1.0" encoding="UTF-8"?>
<!-- Generated by org.testng.reporters.JUnitXMLReporter -->
<testsuite ignored="0" hostname="Meenulaptop" failures="0" tests="5" name="SFLoginTest" time="56.616" errors="0" timestamp="2024-02-21T22:10:34 MST">
  <testcase classname="com.sf.automationTests.TestScriptLogin" name="loginSFTC1" time="7.109"/>
  <testcase classname="com.sf.automationTests.TestScriptLogin" name="loginSFTC2" time="11.329"/>
  <testcase classname="com.sf.automationTests.TestScriptLogin" name="loginSFTC3" time="15.786"/>
  <testcase classname="com.sf.automationTests.TestScriptLogin" name="loginSFTC4" time="7.27"/>
  <testcase classname="com.sf.automationTests.TestScriptLogin" name="loginSFTC5" time="6.834"/>
</testsuite> <!-- SFLoginTest -->
